<?xml version="1.0" encoding="UTF-8"?>
<!-- Generated by org.testng.reporters.JUnitReportReporter -->
<testsuite hostname="Abhijit" failures="0" tests="1" name="com.testrunner.TestRunner" time="24.933" errors="0" timestamp="03 Jan 2025 07:08:29 GMT" skipped="0">
  <testcase classname="com.testrunner.TestRunner" name="runScenario" time="24.933"/>
</testsuite> <!-- com.testrunner.TestRunner -->
