<?xml version="1.0" encoding="UTF-8"?>
<!-- Generated by org.testng.reporters.JUnitReportReporter -->
<testsuite hostname="Abhijit" failures="0" tests="2" name="com.testrunner.TestRunner" time="25.954" errors="0" timestamp="15 Jan 2025 06:56:45 GMT" skipped="0">
  <testcase classname="com.testrunner.TestRunner" name="runScenario" time="3.677"/>
  <testcase classname="com.testrunner.TestRunner" name="runScenario" time="22.277"/>
</testsuite> <!-- com.testrunner.TestRunner -->
