<?xml version="1.0" encoding="UTF-8"?>
<!-- Generated by org.testng.reporters.JUnitReportReporter -->
<testsuite hostname="Abhijit" failures="0" tests="1" name="com.testrunner.TestRunner" time="36.652" errors="0" timestamp="02 Jan 2025 07:05:03 GMT" skipped="0">
  <testcase classname="com.testrunner.TestRunner" name="runScenario" time="36.652"/>
</testsuite> <!-- com.testrunner.TestRunner -->
